\BOOKMARK [1][-]{section.1}{MEMORANDUM 01}{}% 1
\BOOKMARK [2][-]{subsection.1.1}{Administrative Process}{section.1}% 2
\BOOKMARK [2][-]{subsection.1.2}{Activities}{section.1}% 3
\BOOKMARK [3][-]{subsubsection.1.2.1}{Interface PCB between the camera and the raspberry pi.}{subsection.1.2}% 4
\BOOKMARK [3][-]{subsubsection.1.2.2}{Microchip alternative.}{subsection.1.2}% 5
\BOOKMARK [3][-]{subsubsection.1.2.3}{Study and C implementation of the Hough transform.}{subsection.1.2}% 6
\BOOKMARK [3][-]{subsubsection.1.2.4}{Bibliographical review of Hough transform applications.}{subsection.1.2}% 7
\BOOKMARK [2][-]{subsection.1.3}{Results}{section.1}% 8
\BOOKMARK [3][-]{subsubsection.1.3.1}{Interface PCB between the camera and the raspberry pi.}{subsection.1.3}% 9
\BOOKMARK [3][-]{subsubsection.1.3.2}{Microchip alternative.}{subsection.1.3}% 10
\BOOKMARK [3][-]{subsubsection.1.3.3}{Study and C implementation of the Hough transform.}{subsection.1.3}% 11
\BOOKMARK [3][-]{subsubsection.1.3.4}{Bibliographical review of Hough transform applications.}{subsection.1.3}% 12
\BOOKMARK [2][-]{subsection.1.4}{Pending}{section.1}% 13
\BOOKMARK [1][-]{section.2}{MEMORANDUM 02}{}% 14
\BOOKMARK [2][-]{subsection.2.1}{Activities}{section.2}% 15
\BOOKMARK [3][-]{subsubsection.2.1.1}{Hough Transform bibliographical review.}{subsection.2.1}% 16
\BOOKMARK [3][-]{subsubsection.2.1.2}{C implementation of Probabilistic Hough Transform.}{subsection.2.1}% 17
\BOOKMARK [3][-]{subsubsection.2.1.3}{Planning}{subsection.2.1}% 18
\BOOKMARK [2][-]{subsection.2.2}{Results}{section.2}% 19
\BOOKMARK [3][-]{subsubsection.2.2.1}{Revisi\363n bibliogr\341fica transformada de Hough.}{subsection.2.2}% 20
\BOOKMARK [3][-]{subsubsection.2.2.2}{C\363digo C de la T. Probabil\355stica de Hough}{subsection.2.2}% 21
\BOOKMARK [3][-]{subsubsection.2.2.3}{Exploraci\363n de proyectos de STM32.}{subsection.2.2}% 22
\BOOKMARK [3][-]{subsubsection.2.2.4}{Planeaci\363n.}{subsection.2.2}% 23
\BOOKMARK [2][-]{subsection.2.3}{Pending}{section.2}% 24
\BOOKMARK [1][-]{section.3}{MEMORANDUM 03}{}% 25
\BOOKMARK [2][-]{subsection.3.1}{Activities}{section.3}% 26
\BOOKMARK [3][-]{subsubsection.3.1.1}{Camera mount design}{subsection.3.1}% 27
\BOOKMARK [3][-]{subsubsection.3.1.2}{Edge detection research}{subsection.3.1}% 28
\BOOKMARK [3][-]{subsubsection.3.1.3}{General-purpose computing on graphics processing units}{subsection.3.1}% 29
\BOOKMARK [3][-]{subsubsection.3.1.4}{STM32 - IDE installation}{subsection.3.1}% 30
\BOOKMARK [3][-]{subsubsection.3.1.5}{STM32 - SPI and DMA}{subsection.3.1}% 31
\BOOKMARK [3][-]{subsubsection.3.1.6}{Raspberry Pi - SPI}{subsection.3.1}% 32
\BOOKMARK [3][-]{subsubsection.3.1.7}{Raspberry Pi - Performance improvements}{subsection.3.1}% 33
\BOOKMARK [2][-]{subsection.3.2}{Results}{section.3}% 34
\BOOKMARK [3][-]{subsubsection.3.2.1}{Camera mount design}{subsection.3.2}% 35
\BOOKMARK [3][-]{subsubsection.3.2.2}{Edge detection research}{subsection.3.2}% 36
\BOOKMARK [3][-]{subsubsection.3.2.3}{General-purpose computing on graphics processing units}{subsection.3.2}% 37
\BOOKMARK [3][-]{subsubsection.3.2.4}{STM32 - IDE installation}{subsection.3.2}% 38
\BOOKMARK [3][-]{subsubsection.3.2.5}{STM32 - SPI and DMA}{subsection.3.2}% 39
\BOOKMARK [3][-]{subsubsection.3.2.6}{Raspberry Pi - SPI}{subsection.3.2}% 40
\BOOKMARK [3][-]{subsubsection.3.2.7}{Raspberry Pi - Performance improvements}{subsection.3.2}% 41
\BOOKMARK [2][-]{subsection.3.3}{Pending}{section.3}% 42
\BOOKMARK [1][-]{section.4}{MEMORANDUM 04}{}% 43
\BOOKMARK [2][-]{subsection.4.1}{Activities}{section.4}% 44
\BOOKMARK [3][-]{subsubsection.4.1.1}{Raspberry Pi - Install new vision dependencies}{subsection.4.1}% 45
\BOOKMARK [3][-]{subsubsection.4.1.2}{Raspberry Pi - SPI reception of images}{subsection.4.1}% 46
\BOOKMARK [3][-]{subsubsection.4.1.3}{STM32 - DCMI}{subsection.4.1}% 47
\BOOKMARK [3][-]{subsubsection.4.1.4}{STM32 - Pin selection}{subsection.4.1}% 48
\BOOKMARK [3][-]{subsubsection.4.1.5}{General-purpose computing on graphics processing units}{subsection.4.1}% 49
\BOOKMARK [2][-]{subsection.4.2}{Results}{section.4}% 50
\BOOKMARK [3][-]{subsubsection.4.2.1}{Raspberry Pi - Install new vision dependencies}{subsection.4.2}% 51
\BOOKMARK [3][-]{subsubsection.4.2.2}{Raspberry Pi - SPI reception of images}{subsection.4.2}% 52
\BOOKMARK [3][-]{subsubsection.4.2.3}{STM32 - DCMI}{subsection.4.2}% 53
\BOOKMARK [3][-]{subsubsection.4.2.4}{STM32 - Pin selection}{subsection.4.2}% 54
\BOOKMARK [3][-]{subsubsection.4.2.5}{General-purpose computing on graphics processing units}{subsection.4.2}% 55
\BOOKMARK [2][-]{subsection.4.3}{Pending}{section.4}% 56
\BOOKMARK [1][-]{section.5}{MEMORANDUM 05}{}% 57
\BOOKMARK [2][-]{subsection.5.1}{Activities}{section.5}% 58
\BOOKMARK [3][-]{subsubsection.5.1.1}{DCMI troubleshooting}{subsection.5.1}% 59
\BOOKMARK [2][-]{subsection.5.2}{Results}{section.5}% 60
\BOOKMARK [3][-]{subsubsection.5.2.1}{DCMI troubleshooting}{subsection.5.2}% 61
\BOOKMARK [2][-]{subsection.5.3}{Pending}{section.5}% 62
\BOOKMARK [1][-]{section.6}{MEMORANDUM 06}{}% 63
\BOOKMARK [2][-]{subsection.6.1}{Activities}{section.6}% 64
\BOOKMARK [3][-]{subsubsection.6.1.1}{OV7670 deep exploration}{subsection.6.1}% 65
\BOOKMARK [3][-]{subsubsection.6.1.2}{DCMI software workaroud}{subsection.6.1}% 66
\BOOKMARK [3][-]{subsubsection.6.1.3}{Integration with the Raspberry}{subsection.6.1}% 67
\BOOKMARK [2][-]{subsection.6.2}{Results}{section.6}% 68
\BOOKMARK [3][-]{subsubsection.6.2.1}{OV7670 deep exploration}{subsection.6.2}% 69
\BOOKMARK [3][-]{subsubsection.6.2.2}{DCMI software workaroud}{subsection.6.2}% 70
\BOOKMARK [3][-]{subsubsection.6.2.3}{Integration with the Raspberry}{subsection.6.2}% 71
\BOOKMARK [2][-]{subsection.6.3}{Pending}{section.6}% 72
\BOOKMARK [1][-]{section.7}{MEMORANDUM 07}{}% 73
\BOOKMARK [2][-]{subsection.7.1}{Activities}{section.7}% 74
\BOOKMARK [3][-]{subsubsection.7.1.1}{Hardware image acquisition}{subsection.7.1}% 75
\BOOKMARK [3][-]{subsubsection.7.1.2}{OV7670 register configuration}{subsection.7.1}% 76
\BOOKMARK [3][-]{subsubsection.7.1.3}{STM32-Raspberry Pi communication protocol}{subsection.7.1}% 77
\BOOKMARK [3][-]{subsubsection.7.1.4}{Computer vision integration}{subsection.7.1}% 78
\BOOKMARK [2][-]{subsection.7.2}{Results}{section.7}% 79
\BOOKMARK [3][-]{subsubsection.7.2.1}{Hardware image acquisition}{subsection.7.2}% 80
\BOOKMARK [3][-]{subsubsection.7.2.2}{OV7670 register configuration}{subsection.7.2}% 81
\BOOKMARK [3][-]{subsubsection.7.2.3}{STM32-Raspberry Pi communication protocol}{subsection.7.2}% 82
\BOOKMARK [3][-]{subsubsection.7.2.4}{Computer vision integration}{subsection.7.2}% 83
\BOOKMARK [2][-]{subsection.7.3}{Pending}{section.7}% 84
\BOOKMARK [1][-]{section.8}{MEMORANDUM 08}{}% 85
\BOOKMARK [2][-]{subsection.8.1}{Activities}{section.8}% 86
\BOOKMARK [3][-]{subsubsection.8.1.1}{STM32 code improvements}{subsection.8.1}% 87
\BOOKMARK [3][-]{subsubsection.8.1.2}{Computer vision integration}{subsection.8.1}% 88
\BOOKMARK [3][-]{subsubsection.8.1.3}{Stereo vision depth detection}{subsection.8.1}% 89
\BOOKMARK [2][-]{subsection.8.2}{Results}{section.8}% 90
\BOOKMARK [3][-]{subsubsection.8.2.1}{STM32 code improvements}{subsection.8.2}% 91
\BOOKMARK [3][-]{subsubsection.8.2.2}{Computer vision integration}{subsection.8.2}% 92
\BOOKMARK [3][-]{subsubsection.8.2.3}{Stereo vision depth detection}{subsection.8.2}% 93
\BOOKMARK [2][-]{subsection.8.3}{Pending}{section.8}% 94
\BOOKMARK [1][-]{section.9}{MEMORANDUM 09}{}% 95
\BOOKMARK [2][-]{subsection.9.1}{Activities}{section.9}% 96
\BOOKMARK [3][-]{subsubsection.9.1.1}{Stereo vision depth detection}{subsection.9.1}% 97
\BOOKMARK [3][-]{subsubsection.9.1.2}{Midterm presentation}{subsection.9.1}% 98
\BOOKMARK [2][-]{subsection.9.2}{Results}{section.9}% 99
\BOOKMARK [3][-]{subsubsection.9.2.1}{Stereo vision depth detection}{subsection.9.2}% 100
\BOOKMARK [3][-]{subsubsection.9.2.2}{Midterm presentation}{subsection.9.2}% 101
\BOOKMARK [2][-]{subsection.9.3}{Pending}{section.9}% 102
\BOOKMARK [1][-]{section.10}{MEMORANDUM 10}{}% 103
\BOOKMARK [2][-]{subsection.10.1}{Activities}{section.10}% 104
\BOOKMARK [3][-]{subsubsection.10.1.1}{GPU shaders}{subsection.10.1}% 105
\BOOKMARK [3][-]{subsubsection.10.1.2}{Integration of both cameras}{subsection.10.1}% 106
\BOOKMARK [3][-]{subsubsection.10.1.3}{Port to STM32F407VGT6's board.}{subsection.10.1}% 107
\BOOKMARK [3][-]{subsubsection.10.1.4}{Threaded programming}{subsection.10.1}% 108
\BOOKMARK [2][-]{subsection.10.2}{Results}{section.10}% 109
\BOOKMARK [3][-]{subsubsection.10.2.1}{GPU shaders}{subsection.10.2}% 110
\BOOKMARK [3][-]{subsubsection.10.2.2}{Integration of both cameras}{subsection.10.2}% 111
\BOOKMARK [3][-]{subsubsection.10.2.3}{Port to STM32F407VGT6's board.}{subsection.10.2}% 112
\BOOKMARK [3][-]{subsubsection.10.2.4}{Threaded programming}{subsection.10.2}% 113
\BOOKMARK [2][-]{subsection.10.3}{Pending}{section.10}% 114
\BOOKMARK [1][-]{section.11}{MEMORANDUM 11}{}% 115
\BOOKMARK [2][-]{subsection.11.1}{Activities}{section.11}% 116
\BOOKMARK [3][-]{subsubsection.11.1.1}{Refinements to the threaded code}{subsection.11.1}% 117
\BOOKMARK [3][-]{subsubsection.11.1.2}{Compatible WebGL platform}{subsection.11.1}% 118
\BOOKMARK [3][-]{subsubsection.11.1.3}{Modifications to the codebase}{subsection.11.1}% 119
\BOOKMARK [3][-]{subsubsection.11.1.4}{Documentation/presentation}{subsection.11.1}% 120
\BOOKMARK [3][-]{subsubsection.11.1.5}{Stereo-matching on GPU}{subsection.11.1}% 121
\BOOKMARK [3][-]{subsubsection.11.1.6}{Paper}{subsection.11.1}% 122
\BOOKMARK [2][-]{subsection.11.2}{Results}{section.11}% 123
\BOOKMARK [3][-]{subsubsection.11.2.1}{Refinements to the threaded code}{subsection.11.2}% 124
\BOOKMARK [3][-]{subsubsection.11.2.2}{Compatible WebGL platform}{subsection.11.2}% 125
\BOOKMARK [3][-]{subsubsection.11.2.3}{Modifications to the codebase}{subsection.11.2}% 126
\BOOKMARK [3][-]{subsubsection.11.2.4}{Documentation/presentation}{subsection.11.2}% 127
\BOOKMARK [3][-]{subsubsection.11.2.5}{Stereo-matching on GPU}{subsection.11.2}% 128
\BOOKMARK [3][-]{subsubsection.11.2.6}{Paper}{subsection.11.2}% 129
\BOOKMARK [1][-]{section.12}{APPENDIX}{}% 130
\BOOKMARK [2][-]{subsection.12.1}{Gantt A}{section.12}% 131
\BOOKMARK [2][-]{subsection.12.2}{Camera mount mechanism drawings}{section.12}% 132
